<?xml version="1.0" encoding="UTF-8"?>
<!-- Generated by org.testng.reporters.JUnitReportReporter -->
<testsuite skipped="0" hostname="DESKTOP-K22EJK9" name="com.testing.uitest.Runner" tests="1" failures="0" timestamp="2022-02-08T05:27:42 GMT-11:00" time="0.728" errors="1">
  <testcase name="runScenario" time="0.728" classname="com.testing.uitest.Runner">
    <error type="java.lang.NullPointerException">
      <![CDATA[java.lang.NullPointerException
at com.testing.stepdefination.HomePageSteps.verify_the_title_of_homepage(HomePageSteps.java:35)
at ✽.verify the title of homepage(file:///D:/eclippse/Array/KeywordDrivenFramework/src/test/resources/features/A.feature:6)
]]>
    </error>
  </testcase> <!-- runScenario -->
  <system-out/>
</testsuite> <!-- com.testing.uitest.Runner -->
